c:\users\fraser\documents\github\graphicslab1\courseworkstarter\courseworkstarter\debug\vc140.pdb
c:\users\fraser\documents\github\graphicslab1\courseworkstarter\courseworkstarter\debug\vc140.idb
c:\users\fraser\documents\github\graphicslab1\courseworkstarter\courseworkstarter\debug\obj_loader.obj
c:\users\fraser\documents\github\graphicslab1\courseworkstarter\courseworkstarter\debug\window.obj
c:\users\fraser\documents\github\graphicslab1\courseworkstarter\courseworkstarter\debug\game.obj
c:\users\fraser\documents\github\graphicslab1\courseworkstarter\courseworkstarter\debug\main.obj
c:\users\fraser\documents\github\graphicslab1\courseworkstarter\courseworkstarter\debug\mesh.obj
c:\users\fraser\documents\github\graphicslab1\courseworkstarter\courseworkstarter\debug\shader.obj
c:\users\fraser\documents\github\graphicslab1\courseworkstarter\courseworkstarter\debug\texture.obj
c:\users\fraser\documents\github\graphicslab1\courseworkstarter\courseworkstarter\debug\stb_image.obj
c:\users\fraser\documents\github\graphicslab1\courseworkstarter\courseworkstarter\debug\texturemanager.obj
c:\users\fraser\documents\github\graphicslab1\courseworkstarter\courseworkstarter\debug\shadermanager.obj
c:\users\fraser\documents\github\graphicslab1\courseworkstarter\debug\courseworkstarter.ilk
c:\users\fraser\documents\github\graphicslab1\courseworkstarter\debug\courseworkstarter.exe
c:\users\fraser\documents\github\graphicslab1\courseworkstarter\debug\courseworkstarter.pdb
c:\users\fraser\documents\github\graphicslab1\courseworkstarter\courseworkstarter\debug\coursewo.51779a96.tlog\cl.command.1.tlog
c:\users\fraser\documents\github\graphicslab1\courseworkstarter\courseworkstarter\debug\coursewo.51779a96.tlog\cl.read.1.tlog
c:\users\fraser\documents\github\graphicslab1\courseworkstarter\courseworkstarter\debug\coursewo.51779a96.tlog\cl.write.1.tlog
c:\users\fraser\documents\github\graphicslab1\courseworkstarter\courseworkstarter\debug\coursewo.51779a96.tlog\link.command.1.tlog
c:\users\fraser\documents\github\graphicslab1\courseworkstarter\courseworkstarter\debug\coursewo.51779a96.tlog\link.read.1.tlog
c:\users\fraser\documents\github\graphicslab1\courseworkstarter\courseworkstarter\debug\coursewo.51779a96.tlog\link.write.1.tlog
